<?xml version="1.0" encoding="UTF-8"?>
<testsuite name="fr.n7.gls.test.AppTest" tests="1" skipped="0" failures="0" errors="0" timestamp="2022-12-13T15:43:10" hostname="ubuntu-VirtualBox" time="0.001">
  <properties/>
  <testcase name="testAppHasAGreeting" classname="fr.n7.gls.test.AppTest" time="0.001"/>
  <system-out><![CDATA[]]></system-out>
  <system-err><![CDATA[]]></system-err>
</testsuite>
